{"C:\\Users\\nader\\OneDrive\\Desktop\\js-jest-setup\\functions\\functions.js": {"path":"C:\\Users\\nader\\OneDrive\\Desktop\\js-jest-setup\\functions\\functions.js","statementMap":{"0":{"start":{"line":2,"column":24},"end":{"line":2,"column":36}},"1":{"start":{"line":2,"column":33},"end":{"line":2,"column":36}}},"fnMap":{"0":{"name":"(anonymous_0)","decl":{"start":{"line":2,"column":24},"end":{"line":2,"column":25}},"loc":{"start":{"line":2,"column":33},"end":{"line":2,"column":36}},"line":2}},"branchMap":{},"s":{"0":1,"1":2},"f":{"0":2},"b":{},"_coverageSchema":"1a1c01bbd47fc00a2c39e90264f33305004495a9","hash":"68cc5a221cf7d7274583e6bdab4bb37649d695ad"}
}
